<?xml version="1.0" encoding="UTF-8"?>
<testng-results skipped="0" failed="0" total="1" passed="1">
  <reporter-output>
  </reporter-output>
  <suite name="Default suite" duration-ms="23356" started-at="2020-01-25T07:37:40Z" finished-at="2020-01-25T07:38:03Z">
    <groups>
    </groups>
    <test name="Default test" duration-ms="23356" started-at="2020-01-25T07:37:40Z" finished-at="2020-01-25T07:38:03Z">
      <class name="com.guru99bank.TestCases.Tc_addcustomername">
        <test-method status="PASS" signature="setup()[pri:0, instance:com.guru99bank.TestCases.Tc_addcustomername@880ec60]" name="setup" is-config="true" duration-ms="4226" started-at="2020-01-25T13:07:40Z" finished-at="2020-01-25T13:07:44Z">
          <reporter-output>
          </reporter-output>
        </test-method> <!-- setup -->
        <test-method status="PASS" signature="addcustomer()[pri:0, instance:com.guru99bank.TestCases.Tc_addcustomername@880ec60]" name="addcustomer" duration-ms="19097" started-at="2020-01-25T13:07:44Z" finished-at="2020-01-25T13:08:03Z">
          <reporter-output>
          </reporter-output>
        </test-method> <!-- addcustomer -->
      </class> <!-- com.guru99bank.TestCases.Tc_addcustomername -->
    </test> <!-- Default test -->
  </suite> <!-- Default suite -->
</testng-results>
